 
****************************************
Report : area
Design : divider
Version: R-2020.09-SP4
Date   : Sun Mar 24 23:33:42 2024
****************************************

Library(s) Used:

    tcbn40lpbwptc0d9_ccs (File: /home/ic/TechLib/TSMCN40_SYN/CCS/tcbn40lpbwptc0d9_ccs.db)

Number of ports:                          132
Number of nets:                            66
Number of cells:                           66
Number of combinational cells:             66
Number of sequential cells:                 0
Number of macros/black boxes:               0
Number of buf/inv:                         65
Number of references:                       2

Combinational area:                 46.393202
Buf/Inv area:                       45.864002
Noncombinational area:               0.000000
Macro/Black Box area:                0.000000
Net Interconnect area:      undefined  (Wire load has zero net area)

Total cell area:                    46.393202
Total area:                 undefined
1
