Command: /home/ic/github/Charles-DesignWare/verification/blk_round/ut_behav/./simv harness -full64 -sverilog +vc +v2k +UVM_TESTNAME=round_case0 +vcs+fsdbon +vcs+dumpvars -l run_tc.log
Chronologic VCS simulator copyright 1991-2020
Contains Synopsys proprietary information.
Compiler version Q-2020.03-SP2-7_Full64; Runtime version Q-2020.03-SP2-7_Full64;  Jun 23 12:26 2024
UVM_INFO /opt/synopsys/vcs/Q-2020.03-SP2-7/etc/uvm-1.2/base/uvm_root.svh(402) @ 0: reporter [UVM/RELNOTES] 
----------------------------------------------------------------
UVM-1.2.Synopsys
(C) 2007-2014 Mentor Graphics Corporation
(C) 2007-2014 Cadence Design Systems, Inc.
(C) 2006-2014 Synopsys, Inc.
(C) 2011-2013 Cypress Semiconductor Corp.
(C) 2013-2014 NVIDIA Corporation
----------------------------------------------------------------

  ***********       IMPORTANT RELEASE NOTES         ************

  You are using a version of the UVM library that has been compiled
  with `UVM_NO_DEPRECATED undefined.
  See http://www.eda.org/svdb/view.php?id=3313 for more details.

  You are using a version of the UVM library that has been compiled
  with `UVM_OBJECT_DO_NOT_NEED_CONSTRUCTOR undefined.
  See http://www.eda.org/svdb/view.php?id=3770 for more details.

      (Specify +UVM_NO_RELNOTES to turn off this notice)

UVM_INFO @ 0: reporter [RNTST] Running test round_case0...
UVM_INFO /home/ic/github/Charles-DesignWare/verification/blk_round/th/harness.sv(59) @ 0: reporter [SIM name:] round_case0
UVM_INFO ../tc/round_case0.sv(20) @ 0: uvm_test_top.env.i_agt.sqr@@case0_sequence#(DAT_WID) [TC] 0 start
TEST CASE PASSED
UVM_INFO /opt/synopsys/vcs/Q-2020.03-SP2-7/etc/uvm-1.2/base/uvm_report_catcher.svh(705) @ 0: reporter [UVM/REPORT/CATCHER] 
--- UVM Report catcher Summary ---


Number of demoted UVM_FATAL reports  :    0
Number of demoted UVM_ERROR reports  :    0
Number of demoted UVM_WARNING reports:    0
Number of caught UVM_FATAL reports   :    0
Number of caught UVM_ERROR reports   :    0
Number of caught UVM_WARNING reports :    0

UVM_INFO /opt/synopsys/vcs/Q-2020.03-SP2-7/etc/uvm-1.2/base/uvm_report_server.svh(894) @ 0: reporter [UVM/REPORT/SERVER] 
--- UVM Report Summary ---

** Report counts by severity
UVM_INFO :    5
UVM_WARNING :    0
UVM_ERROR :    0
UVM_FATAL :    0
** Report counts by id
[RNTST]     1
[SIM name:]     1
[TC]     1
[UVM/RELNOTES]     1
[UVM/REPORT/CATCHER]     1

$finish called from file "/opt/synopsys/vcs/Q-2020.03-SP2-7/etc/uvm-1.2/base/uvm_root.svh", line 527.
$finish at simulation time                    0
           V C S   S i m u l a t i o n   R e p o r t 
Time: 0 ps
CPU Time:      0.200 seconds;       Data structure size:   0.6Mb
Sun Jun 23 12:26:37 2024
