#######################################################################################
# log primitive debug message of FSDB dumping                                         #
# This is for R&D to analyze when there are issues happening when FSDB dump           #
#######################################################################################
ANF: vcsd_get_serial_mode_status('simv: undefined symbol: vcsd_get_serial_mode_status')
ANF: vcsd_enable_sva_success_callback('simv: undefined symbol: vcsd_enable_sva_success_callback')
ANF: vcsd_disable_sva_success_callback('simv: undefined symbol: vcsd_disable_sva_success_callback')
ANF: fsdb_enable_class_obj_dynamic_dump('simv: undefined symbol: fsdb_enable_class_obj_dynamic_dump')
ANF: vcsd_get_power_scope_name('simv: undefined symbol: vcsd_get_power_scope_name')
ANF: vcsd_begin_no_value_var_info('simv: undefined symbol: vcsd_begin_no_value_var_info')
ANF: vcsd_end_no_value_var_info('simv: undefined symbol: vcsd_end_no_value_var_info')
ANF: vcsd_remove_xprop_merge_mode_callback('simv: undefined symbol: vcsd_remove_xprop_merge_mode_callback')
ANF: vcsdIsClassDefPartialEncrypt('simv: undefined symbol: vcsdIsClassDefPartialEncrypt')
ANF: vcsdIsBaseClassDefEncrypt('simv: undefined symbol: vcsdIsBaseClassDefEncrypt')
ANF: vhpi_get_cb_info('simv: undefined symbol: vhpi_get_cb_info')
ANF: vhpi_free_handle('simv: undefined symbol: vhpi_free_handle')
ANF: vhpi_fetch_vcsd_handle('simv: undefined symbol: vhpi_fetch_vcsd_handle')
ANF: vhpi_fetch_vpi_handle('simv: undefined symbol: vhpi_fetch_vpi_handle')
ANF: vhpi_has_verilog_parent('simv: undefined symbol: vhpi_has_verilog_parent')
ANF: vhpi_is_verilog_scope('simv: undefined symbol: vhpi_is_verilog_scope')
ANF: scsd_xprop_is_enabled('simv: undefined symbol: scsd_xprop_is_enabled')
ANF: scsd_xprop_sig_is_promoted('simv: undefined symbol: scsd_xprop_sig_is_promoted')
ANF: scsd_xprop_int_xvalue('simv: undefined symbol: scsd_xprop_int_xvalue')
ANF: scsd_xprop_bool_xvalue('simv: undefined symbol: scsd_xprop_bool_xvalue')
ANF: scsd_xprop_enum_xvalue('simv: undefined symbol: scsd_xprop_enum_xvalue')
ANF: scsd_xprop_register_merge_mode_cb('simv: undefined symbol: scsd_xprop_register_merge_mode_cb')
ANF: scsd_xprop_delete_merge_mode_cb('simv: undefined symbol: scsd_xprop_delete_merge_mode_cb')
ANF: scsd_xprop_get_merge_mode('simv: undefined symbol: scsd_xprop_get_merge_mode')
ANF: scsd_thread_get_info('simv: undefined symbol: scsd_thread_get_info')
ANF: scsd_thread_vc_init('simv: undefined symbol: scsd_thread_vc_init')
ANF: scsd_master_set_delta_sync_cbk('simv: undefined symbol: scsd_master_set_delta_sync_cbk')
ANF: scsd_fgp_get_fsdb_cores('simv: undefined symbol: scsd_fgp_get_fsdb_cores')
ANF: vdi_get_ie_analog_alias_info('simv: undefined symbol: vdi_get_ie_analog_alias_info')
ANF: vhdi_dt_get_type('simv: undefined symbol: vhdi_dt_get_type')
ANF: vhdi_dt_get_key('simv: undefined symbol: vhdi_dt_get_key')
ANF: vhdi_dt_get_vhdl_enum_info('simv: undefined symbol: vhdi_dt_get_vhdl_enum_info')
ANF: vhdi_dt_get_vhdl_physical_info('simv: undefined symbol: vhdi_dt_get_vhdl_physical_info')
ANF: vhdi_dt_get_vhdl_array_info('simv: undefined symbol: vhdi_dt_get_vhdl_array_info')
ANF: vhdi_dt_get_vhdl_record_info('simv: undefined symbol: vhdi_dt_get_vhdl_record_info')
ANF: vhdi_def_traverse_module('simv: undefined symbol: vhdi_def_traverse_module')
ANF: vhdi_def_traverse_scope('simv: undefined symbol: vhdi_def_traverse_scope')
ANF: vhdi_def_traverse_variable('simv: undefined symbol: vhdi_def_traverse_variable')
ANF: vhdi_def_get_module_id_by_vhpi('simv: undefined symbol: vhdi_def_get_module_id_by_vhpi')
ANF: vhdi_def_get_handle_by_module_id('simv: undefined symbol: vhdi_def_get_handle_by_module_id')
ANF: vhdi_def_get_variable_info_by_vhpi('simv: undefined symbol: vhdi_def_get_variable_info_by_vhpi')
ANF: vhdi_def_free('simv: undefined symbol: vhdi_def_free')
ANF: vhdi_ist_traverse_scope('simv: undefined symbol: vhdi_ist_traverse_scope')
ANF: vhdi_ist_traverse_variable('simv: undefined symbol: vhdi_ist_traverse_variable')
ANF: vhdi_ist_convert_by_vhpi('simv: undefined symbol: vhdi_ist_convert_by_vhpi')
ANF: vhdi_ist_clone('simv: undefined symbol: vhdi_ist_clone')
ANF: vhdi_ist_free('simv: undefined symbol: vhdi_ist_free')
ANF: vhdi_ist_hash_key('simv: undefined symbol: vhdi_ist_hash_key')
ANF: vhdi_ist_compare('simv: undefined symbol: vhdi_ist_compare')
ANF: vhdi_ist_get_value_addr('simv: undefined symbol: vhdi_ist_get_value_addr')
ANF: vhdi_set_scsd_callback('simv: undefined symbol: vhdi_set_scsd_callback')
ANF: vhdi_cbk_set_force_callback('simv: undefined symbol: vhdi_cbk_set_force_callback')
ANF: vhdi_trigger_init_force('simv: undefined symbol: vhdi_trigger_init_force')
ANF: vhdi_ist_check_scsd_callback('simv: undefined symbol: vhdi_ist_check_scsd_callback')
ANF: vhdi_ist_add_scsd_callback('simv: undefined symbol: vhdi_ist_add_scsd_callback')
ANF: vhdi_ist_remove_scsd_callback('simv: undefined symbol: vhdi_ist_remove_scsd_callback')
ANF: vhdi_ist_get_scsd_user_data('simv: undefined symbol: vhdi_ist_get_scsd_user_data')
ANF: vhdi_add_time_change_callback('simv: undefined symbol: vhdi_add_time_change_callback')
ANF: vhdi_get_real_value_by_value_addr('simv: undefined symbol: vhdi_get_real_value_by_value_addr')
ANF: vhdi_get_64_value_by_value_addr('simv: undefined symbol: vhdi_get_64_value_by_value_addr')
ANF: vhdi_xprop_inst_is_promoted('simv: undefined symbol: vhdi_xprop_inst_is_promoted')
ANF: vdi_ist_convert_by_vhdi('simv: undefined symbol: vdi_ist_convert_by_vhdi')
ANF: vhdi_ist_get_module_id('simv: undefined symbol: vhdi_ist_get_module_id')
ANF: vhdi_refine_foreign_scope_type('simv: undefined symbol: vhdi_refine_foreign_scope_type')
ANF: vhdi_flush_callback('simv: undefined symbol: vhdi_flush_callback')
ANF: vhdi_set_orig_name('simv: undefined symbol: vhdi_set_orig_name')
ANF: vhdi_set_dump_pt('simv: undefined symbol: vhdi_set_dump_pt')
ANF: vhdi_get_fsdb_option('simv: undefined symbol: vhdi_get_fsdb_option')
ANF: vhdi_fgp_get_mode('simv: undefined symbol: vhdi_fgp_get_mode')
ANF: vhdi_node_register_composite_var('simv: undefined symbol: vhdi_node_register_composite_var')
ANF: vhdi_node_analysis('simv: undefined symbol: vhdi_node_analysis')
ANF: vhdi_node_id('simv: undefined symbol: vhdi_node_id')
ANF: vhdi_node_ist_check_scsd_callback('simv: undefined symbol: vhdi_node_ist_check_scsd_callback')
ANF: vhdi_node_ist_add_scsd_callback('simv: undefined symbol: vhdi_node_ist_add_scsd_callback')
ANF: vhdi_node_ist_get_value_addr('simv: undefined symbol: vhdi_node_ist_get_value_addr')
ANF: vhdi_enc_def_traverse_module('simv: undefined symbol: vhdi_enc_def_traverse_module')
ANF: vhdi_enc_def_traverse_scope('simv: undefined symbol: vhdi_enc_def_traverse_scope')
ANF: vhdi_enc_def_traverse_variable('simv: undefined symbol: vhdi_enc_def_traverse_variable')
ANF: vhdi_enc_ist_traverse_scope('simv: undefined symbol: vhdi_enc_ist_traverse_scope')
ANF: vhdi_enc_ist_traverse_variable('simv: undefined symbol: vhdi_enc_ist_traverse_variable')
ANF: vhdi_enc_ist_get_module_id('simv: undefined symbol: vhdi_enc_ist_get_module_id')
ANF: vhdi_enc_def_get_handle_by_module_id('simv: undefined symbol: vhdi_enc_def_get_handle_by_module_id')
VCS compile option:
 option[0]: simv
 option[1]: +vcs+dumpvars
 option[2]: +vc
 option[3]: +v2k
 option[4]: +lint=all
 option[5]: +vcs+initreg+random
 option[6]: -a
 option[7]: vcs_sim.log
 option[8]: /opt/synopsys/vcs/Q-2020.03-SP2-7/linux64/bin/vcs1
 option[9]: -Mcc=gcc
 option[10]: -Mcplusplus=g++
 option[11]: -Masflags=
 option[12]: -Mcfl= -pipe -fPIC -O -I/opt/synopsys/vcs/Q-2020.03-SP2-7/include 
 option[13]: -Mxllcflags=
 option[14]: -Mxcflags= -pipe -fPIC -I/opt/synopsys/vcs/Q-2020.03-SP2-7/include
 option[15]: -Mldflags= -rdynamic 
 option[16]: -Mout=simv
 option[17]: -Mamsrun=
 option[18]: -Mvcsaceobjs=
 option[19]: -Mobjects= /opt/synopsys/vcs/Q-2020.03-SP2-7/linux64/lib/libvirsim.so /opt/synopsys/vcs/Q-2020.03-SP2-7/linux64/lib/liberrorinf.so /opt/synopsys/vcs/Q-2020.03-SP2-7/linux64/lib/libsnpsmalloc.so /opt/synopsys/vcs/Q-2020.03-SP2-7/linux64/lib/libvfs.so 
 option[20]: -Mexternalobj=
 option[21]: -Msaverestoreobj=/opt/synopsys/vcs/Q-2020.03-SP2-7/linux64/lib/vcs_save_restore_new.o
 option[22]: -Mcrt0=
 option[23]: -Mcrtn=
 option[24]: -Mcsrc=
 option[25]: -Msyslibs=/opt/synopsys/verdi/R-2020.12-SP1/share/PLI/VCS/LINUX64/pli.a -ldl 
 option[26]: -l
 option[27]: vcs_sim.log
 option[28]: -Xvcs_run_simv=1
 option[29]: -full64
 option[30]: -debug_access
 option[31]: +vpi
 option[32]: +vcsd1
 option[33]: +itf+/opt/synopsys/vcs/Q-2020.03-SP2-7/linux64/lib/vcsdp_lite.tab
 option[34]: +vcs+fsdbon
 option[35]: +vcs+dumpvars
 option[36]: -j28
 option[37]: -kdb
 option[38]: -Xufe=2steps
 option[39]: -debug_access+all
 option[40]: +vc
 option[41]: +v2k
 option[42]: +lint=all
 option[43]: +vcs+initreg+random
 option[44]: -timescale=1ns/1ps
 option[45]: -o
 option[46]: simv
 option[47]: -picarchive
 option[48]: -P
 option[49]: /opt/synopsys/verdi/R-2020.12-SP1/share/PLI/VCS/LINUX64/verdi.tab
 option[50]: -fsdb
 option[51]: -sverilog
 option[52]: -gen_obj
 option[53]: -F
 option[54]: ../th/sim.f
 option[55]: -load
 option[56]: /opt/synopsys/verdi/R-2020.12-SP1/share/PLI/VCS/LINUX64/libnovas.so:FSDBDumpCmd
 option[57]: timescale=1ns/1ps
Chronologic Simulation VCS Release Q-2020.03-SP2-7_Full64
Linux 3.10.0-1160.114.2.el7.x86_64 #1 SMP Wed Mar 20 15:54:52 UTC 2024 x86_64
CPU cores: 24
Limit information:
======================================
cputime		unlimited
filesize		unlimited
datasize		unlimited
stacksize		8194 kbytes
coredumpsize		0 kbytes
memoryuse		unlimited
vmemoryuse		unlimited
descriptors		4096
memorylocked		64 kbytes
maxproc		4096
======================================
(Special)Runtime environment variables:

Runtime environment variables:
REMOTEHOST=192.168.184.1
XDG_SESSION_ID=4
HOSTNAME=qingteng
SNPS_VERDI_INTERNAL_LP_XML_NEW_FLOW=1
UNAME=/bin/uname
SELINUX_ROLE_REQUESTED=
SCRNAME=vcs
NOVAS_HOME=/opt/synopsys/verdi/R-2020.12-SP1
MGC_FDI_OA_VERSION=22.60
VCS_DEPTH=0
HOST=qingteng
Synopsys_Dir=/opt/synopsys
TERM=xterm
SHELL=/bin/bash
HISTSIZE=50000
SSH_CLIENT=192.168.184.1 49356 22
SELINUX_USE_CURRENT_RANGE=
VCS_TARGET_ARCH=amd64
CDS_LOAD_ENV=CSF
VCS_LOG_FILE=vcs_sim.log
QTDIR=/usr/lib64/qt-3.3
QTINC=/usr/lib64/qt-3.3/include
SSH_TTY=/dev/pts/3
LC_ALL=C
icc2_HOME=/opt/synopsys/icc2/R-2020.09-SP1
ZSH=/home/ic/.oh-my-zsh
SNPS_VCS_INTERNAL_ROOT_PID=31691
QT_GRAPHICSSYSTEM_CHECKED=1
GROUP=ic
USER=ic
LD_LIBRARY_PATH=/opt/synopsys/vcs/Q-2020.03-SP2-7/lib:/opt/synopsys/vcs/Q-2020.03-SP2-7/linux64/lib:
LS_COLORS=rs=0:di=01;34:ln=01;36:mh=00:pi=40;33:so=01;35:do=01;35:bd=40;33;01:cd=40;33;01:or=40;31;01:mi=01;05;37;41:su=37;41:sg=30;43:ca=30;41:tw=30;42:ow=34;42:st=37;44:ex=01;32:*.tar=01;31:*.tgz=01;31:*.arc=01;31:*.arj=01;31:*.taz=01;31:*.lha=01;31:*.lz4=01;31:*.lzh=01;31:*.lzma=01;31:*.tlz=01;31:*.txz=01;31:*.tzo=01;31:*.t7z=01;31:*.zip=01;31:*.z=01;31:*.Z=01;31:*.dz=01;31:*.gz=01;31:*.lrz=01;31:*.lz=01;31:*.lzo=01;31:*.xz=01;31:*.bz2=01;31:*.bz=01;31:*.tbz=01;31:*.tbz2=01;31:*.tz=01;31:*.deb=01;31:*.rpm=01;31:*.jar=01;31:*.war=01;31:*.ear=01;31:*.sar=01;31:*.rar=01;31:*.alz=01;31:*.ace=01;31:*.zoo=01;31:*.cpio=01;31:*.7z=01;31:*.rz=01;31:*.cab=01;31:*.jpg=01;35:*.jpeg=01;35:*.gif=01;35:*.bmp=01;35:*.pbm=01;35:*.pgm=01;35:*.ppm=01;35:*.tga=01;35:*.xbm=01;35:*.xpm=01;35:*.tif=01;35:*.tiff=01;35:*.png=01;35:*.svg=01;35:*.svgz=01;35:*.mng=01;35:*.pcx=01;35:*.mov=01;35:*.mpg=01;35:*.mpeg=01;35:*.m2v=01;35:*.mkv=01;35:*.webm=01;35:*.ogm=01;35:*.mp4=01;35:*.m4v=01;35:*.mp4v=01;35:*.vob=01;35:*.qt=01;35:*.nuv=01;35:*.wmv=01;35:*.asf=01;35:*.rm=01;35:*.rmvb=01;35:*.flc=01;35:*.avi=01;35:*.fli=01;35:*.flv=01;35:*.gl=01;35:*.dl=01;35:*.xcf=01;35:*.xwd=01;35:*.yuv=01;35:*.cgm=01;35:*.emf=01;35:*.axv=01;35:*.anx=01;35:*.ogv=01;35:*.ogx=01;35:*.aac=01;36:*.au=01;36:*.flac=01;36:*.mid=01;36:*.midi=01;36:*.mka=01;36:*.mp3=01;36:*.mpc=01;36:*.ogg=01;36:*.ra=01;36:*.wav=01;36:*.axa=01;36:*.oga=01;36:*.spx=01;36:*.xspf=01;36:
SCRIPT_NAME=vcs
VCS_MX_HOME_INTERNAL=1
WORK_ROOT=/home/ic/github/Charles-DesignWare
HOSTTYPE=x86_64-linux
SNPSLMD_LICENSE_FILE=30000@qingteng
PAGER=less
OVA_UUM=0
VCS_MODE_FLAG=64
Virtuoso_HOME=/opt/cadence/ic618
LSCOLORS=Gxfxcxdxbxegedabagacad
MAIL=/var/spool/mail/ic
PATH=.:/opt/synopsys/wv/S-2021.09/bin:/opt/synopsys/verdi/R-2020.12-SP1/bin:/opt/synopsys/vcs/Q-2020.03-SP2-7/bin:/opt/synopsys/syn/R-2020.09-SP4/bin:/opt/synopsys/spyglass/P-2019.06-SP1-1/SPYGLASS_HOME/bin:/opt/synopsys/prime/R-2020.09-SP4/bin:/opt/synopsys/laker/L-2018.06/bin:/opt/synopsys/fusioncompiler/O-2018.06-SP4/bin:/opt/synopsys/coretools/R-2020.12-SP3/bin:/opt/synopsys/lc/R-2020.09-SP3/bin:/opt/synopsys/icc2/R-2020.09-SP1/bin:/opt/synopsys/hspice/S-2021.09/hspice/bin:/opt/synopsys/fm/Q-2019.12-SP2/bin:/opt/synopsys/scl/2021.03/linux64/bin:/opt/mentor/tessent_2021/bin:/opt/mentor/calibre/aoi_cal_2021.2_28.15/bin:/opt/cadence/INNOVUS/tools/bin:/opt/cadence/INNOVUS/bin:/opt/cadence/spectre21/tools/spectre/bin:/opt/cadence/spectre21/tools/dfII/bin:/opt/cadence/spectre21/tools/bin:/opt/cadence/spectre21/bin:/opt/cadence/ic618/tools/plot/bin:/opt/cadence/ic618/tools/iccraft/bin:/opt/cadence/ic618/tools/dracula/bin:/opt/cadence/ic618/tools/dfII/bin:/opt/cadence/ic618/tools/bin:/opt/cadence/ic618/share/bin:/opt/synopsys/wv/S-2021.09/bin:/opt/synopsys/verdi/R-2020.12-SP1/bin:/opt/synopsys/vcs/Q-2020.03-SP2-7/bin:/opt/synopsys/syn/R-2020.09-SP4/bin:/opt/synopsys/spyglass/P-2019.06-SP1-1/SPYGLASS_HOME/bin:/opt/synopsys/prime/R-2020.09-SP4/bin:/opt/synopsys/laker/L-2018.06/bin:/opt/synopsys/fusioncompiler/O-2018.06-SP4/bin:/opt/synopsys/coretools/R-2020.12-SP3/bin:/opt/synopsys/lc/R-2020.09-SP3/bin:/opt/synopsys/icc2/R-2020.09-SP1/bin:/opt/synopsys/hspice/S-2021.09/hspice/bin:/opt/synopsys/fm/Q-2019.12-SP2/bin:/opt/synopsys/scl/2021.03/linux64/bin:/opt/mentor/tessent_2021/bin:/opt/mentor/calibre/aoi_cal_2021.2_28.15/bin:/opt/cadence/INNOVUS/tools/bin:/opt/cadence/INNOVUS/bin:/opt/cadence/spectre21/tools/spectre/bin:/opt/cadence/spectre21/tools/dfII/bin:/opt/cadence/spectre21/tools/bin:/opt/cadence/spectre21/bin:/opt/cadence/ic618/tools/plot/bin:/opt/cadence/ic618/tools/iccraft/bin:/opt/cadence/ic618/tools/dracula/bin:/opt/cadence/ic618/tools/dfII/bin:/opt/cadence/ic618/tools/bin:/opt/cadence/ic618/share/bin:/usr/lib64/qt-3.3/bin:/usr/local/bin:/usr/bin:/home/ic/bin:/usr/local/sbin:/usr/sbin
SNPS_VCS_INTERNAL_CURR_PID=31691
VERDI_HOME=/opt/synopsys/verdi/R-2020.12-SP1
CALIBRE_HOME=/opt/mentor/calibre/aoi_cal_2021.2_28.15
Cadence_Dir=/opt/cadence
PWD=/home/ic/github/Charles-DesignWare/verification/blk_prince/ut_behav
VCS_HOME=/opt/synopsys/vcs/Q-2020.03-SP2-7
fm_HOME=/opt/synopsys/fm/Q-2019.12-SP2
LANG=en_US.UTF-8
OA_HOME=/opt/cadence/ic618/oa_v22.60.050
TURBO_LOG_DIR=/tmp/vcs_20240606170338_31691
VMR_MODE_FLAG=64
SELINUX_LEVEL_REQUESTED=
CDS_Netlisting_Mode=Analog
HISTCONTROL=ignoredups
VCS_ARG_ADDED_FOR_TMP=1
SNPS_VCS_TMPDIR=/tmp/vcs_20240606170338_31691
SHLVL=3
HOME=/home/ic
OSTYPE=linux
MGC_HOME=/opt/mentor/calibre/aoi_cal_2021.2_28.15
CDS_AUTO_64BIT=ALL
VCS_COM=/opt/synopsys/vcs/Q-2020.03-SP2-7/linux64/bin/vcs1
VENDOR=unknown
MACHTYPE=x86_64
MGC_LIB_PATH=/opt/mentor/calibre/aoi_cal_2021.2_28.15/lib
Mentor_Dir=/opt/mentor
LESS=-R
LOGNAME=ic
spyglass_HOME=/opt/synopsys/spyglass/P-2019.06-SP1-1
MGLS_LICENSE_FILE=/opt/mentor/license/license.dat
OA_PLUGIN_PATH=/opt/cadence/ic618/oa_v22.60.050/data/plugins
QTLIB=/usr/lib64/qt-3.3/lib
SNPS_VCS_INTERNAL_ROOT_START_TIME=1717693418.750906379
XDG_DATA_DIRS=/home/ic/.local/share/flatpak/exports/share:/var/lib/flatpak/exports/share:/usr/local/share:/usr/share
SSH_CONNECTION=192.168.184.1 49356 192.168.184.130 22
CDS_LIC_FILE=/opt/cadence/license/license.dat
LESSOPEN=||/usr/bin/lesspipe.sh %s
hspice_HOME=/opt/synopsys/hspice/S-2021.09
SCL_HOME=/opt/synopsys/scl/2021.03
sysc_uni_pwd=/home/ic/github/Charles-DesignWare/verification/blk_prince/ut_behav
XDG_RUNTIME_DIR=/run/user/1001
DISPLAY=localhost:11.0
VCS_ARCH=linux64
lc_HOME=/opt/synopsys/lc/R-2020.09-SP3
MMSIM_HOME=/opt/cadence/spectre21
TOOL_HOME=/opt/synopsys/vcs/Q-2020.03-SP2-7/linux64
syn_HOME=/opt/synopsys/syn/R-2020.09-SP4
prime_HOME=/opt/synopsys/prime/R-2020.09-SP4
wv_HOME=/opt/synopsys/wv/S-2021.09
_=./simv
OLDPWD=/home/ic/github/Charles-DesignWare/verification/blk_prince/ut_behav/simv.daidir/debug_dump/fsearch
VCS_PATHMAP_PRELOAD_DONE=1
VCS_EXEC_DONE=1
DVE=/opt/synopsys/vcs/Q-2020.03-SP2-7/gui/dve
SPECMAN_OUTPUT_TO_TTY=1
FLEXLM_BORROWFILE=/home/ic/.qingteng-borrow.txt
Runtime command line arguments:
argv[0]=simv
argv[1]=+vcs+dumpvars
argv[2]=+vc
argv[3]=+v2k
argv[4]=+lint=all
argv[5]=+vcs+initreg+random
argv[6]=-a
argv[7]=vcs_sim.log
273 profile - 100
          CPU/Mem usage: 0.020 sys,  0.110 user,  275.40M mem
274 Elapsed time:    0:00:00    Fri Jun  7 01:03:39 2024
275 pliAppInit
276 [SC]Init: MemoryConsumed=0.00MB ElapsedTime=0hour 0min. 0sec.
277 FSDB_GATE is set.
278 FSDB_RTL is set.
279 FSDB_FIELDTYPE is set.
280 FSDB_ALIAS_ARRAY_ELEM is set to 4294967295.
281 Enable Parallel Dumping.
282 pliAppMiscSet: New Sim Round
283 pliEntryInit
284 LIBSSCORE=found /opt/synopsys/verdi/R-2020.12-SP1/share/PLI/lib/LINUXAMD64/libsscore_vcs202003.so through $NOVAS_HOME setting.
285 FSDB Dumper for VCS, Release Verdi_R-2020.12-SP1, Linux x86_64/64bit, 03/02/2021
286 (C) 1996 - 2021 by Synopsys, Inc.
287 DVDI_is_vir_unload_enabled is enable
288 FSDB_VCS_ENABLE_NATIVE_VC is enable
289 sps_call_fsdbDumpvars_vd_main at 0 : Unknown source file(0)
290 *Verdi* : Create FSDB file 'novas.fsdb'
291 [spi_vcs_vd_ppi_create_root]: no upf option
292 FSDB dumper cannot dump UPF related power signal ($power_tree): no ppiPowerNetwork.
293 Power dumping is enabled and VIR_REDUCTION may not work.
294 compile option from '/home/ic/github/Charles-DesignWare/verification/blk_prince/ut_behav/simv.daidir/vcs_rebuild'.
295   "vcs '-full64' '-sverilog' '+vcs+fsdbon' '+vcs+dumpvars' '-F' '../th/sim.f' '-j28' '-kdb' '-debug_access+all' '-R' '+vc' '+v2k' '+lint=all' '+vcs+initreg+random' '-timescale=1ns/1ps' '-l' 'vcs_sim.log' '-o' 'simv' 2>&1"
296 *Verdi* : Begin traversing the scopes, layer (0).
297 *Verdi* : End of traversing.
298 pliAppHDL_DumpVarComplete traverse var: profile - 
          CPU/Mem usage: 0.060 sys,  0.110 user,  376.09M mem
                   incr: 0.010 sys,  0.000 user,  8.95M mem
                   accu: 0.010 sys,  0.000 user,  8.95M mem
              accu incr: 0.010 sys,  0.000 user,  8.95M mem

          Count usage: 75 var,  68 idcode,  57 callback
                 incr: 75 var,  68 idcode,  57 callback
                 accu: 75 var,  68 idcode,  57 callback
            accu incr: 75 var,  68 idcode,  57 callback
299 Elapsed time:    0:00:00    Fri Jun  7 01:03:39 2024
300 pliAppHDL_DumpVarComplete: profile - 
          CPU/Mem usage: 0.060 sys,  0.110 user,  377.15M mem
                   incr: 0.000 sys,  0.000 user,  1.05M mem
                   accu: 0.010 sys,  0.000 user,  10.00M mem
              accu incr: 0.000 sys,  0.000 user,  1.05M mem

          Count usage: 75 var,  68 idcode,  57 callback
                 incr: 0 var,  0 idcode,  0 callback
                 accu: 75 var,  68 idcode,  57 callback
            accu incr: 0 var,  0 idcode,  0 callback
301 Elapsed time:    0:00:00    Fri Jun  7 01:03:39 2024
302 End of simulation at 652000
303 Memory usage: 377.151 M
304 Elapsed time:    0:00:00    Fri Jun  7 01:03:39 2024
305 Begin FSDB profile info:
306 FSDB Writer : bc1(1539) bcn(2138) mtf/stf(0/0)
FSDB Writer elapsed time : flush(0.003299) io wait(0.000000) theadpool wait(0.000000)
FSDB Writer cpu time : MT Compression : 0
307 End FSDB profile info
308 FSDB closed. Name: novas.fsdb Size: 24145
309 Parallel profile     - ProducerThread:1 ConsumerThread:1 Buffer:64MB
310                      - BlockUsed:1 Acquire:4272 BufferUsed:68807
311                      - Flush:2 Expand:0 ProducerWait:0 ConsumerWait:0
312                      - MainProducerTime:0.208135192 TotalConsumerTime:0.000000000
313                      - ElapsedTime:0.073078000
314 Producer   0 profile - BlockUsed:1 Acquire:4272 BufferUsed:68807
315 Consumer   0 profile - Affinity:-1 CPUTime:0.000000000 LifeTime:0.000000000 (-nan%)
316                      - BlockUsed:1 Acquire:4272 BufferUsed:68807
317 SimExit
318 Elapsed time:    0:00:00    Fri Jun  7 01:03:39 2024
319 Sim process exit
